<testExecutions version="1">
  <file path="src/app/book/book-list/book-list.component.spec.ts">
    <testCase name="BookListComponent should have h5 tag with the book.name" duration="95"/>
    <testCase name="BookListComponent should have the corresponding src to the book image and alt to the book name" duration="17"/>
    <testCase name="BookListComponent should have p tag with the book.editorial.name" duration="15"/>
    <testCase name="BookListComponent should have 9 &lt;div.col.mb-2> elements and the deleted book should not exist" duration="17"/>
    <testCase name="BookListComponent should have 10 &lt;div.card-body> elements" duration="15"/>
    <testCase name="BookListComponent should have 10 &lt;img> elements" duration="13"/>
    <testCase name="BookListComponent should have 10 &lt;div.col.mb-2> elements" duration="11"/>
    <testCase name="BookListComponent should create" duration="14"/>
    <testCase name="BookListComponent should have 10 &lt;card.p-2> elements" duration="13"/>
  </file>
  <file path="src/app/book/book.service.spec.ts">
    <testCase name="Service: Book should ..." duration="4"/>
  </file>
  <file path="src/app/app.component.spec.ts">
    <testCase name="AppComponent should create the app" duration="16"/>
    <testCase name="AppComponent should have as title 'base-project'" duration="7"/>
  </file>
  <file path="src/app/book/book-detail/book-detail.component.spec.ts">
    <testCase name="BookDetailComponent should have a p.h3.p-3 element with bookDetail.name" duration="66">
      <failure message="Error">TypeError: Cannot read properties of undefined (reading 'name')
    at BookDetailComponent_Template (ng:///BookDetailComponent.js:62:48)
    at executeTemplate (node_modules/@angular/core/fesm2015/core.mjs:9618:1)
    at refreshView (node_modules/@angular/core/fesm2015/core.mjs:9484:1)
    at refreshComponent (node_modules/@angular/core/fesm2015/core.mjs:10655:1)
    at refreshChildComponents (node_modules/@angular/core/fesm2015/core.mjs:9280:1)
    at refreshView (node_modules/@angular/core/fesm2015/core.mjs:9534:1)
    at renderComponentOrTemplate (node_modules/@angular/core/fesm2015/core.mjs:9598:1)
    at tickRootContext (node_modules/@angular/core/fesm2015/core.mjs:10829:1)
    at detectChangesInRootView (node_modules/@angular/core/fesm2015/core.mjs:10854:1)
    at RootViewRef.detectChanges (node_modules/@angular/core/fesm2015/core.mjs:21451:1)

TypeError: Cannot read properties of undefined (reading 'query')
    at UserContext.&lt;anonymous&gt; (src/app/book/book-detail/book-detail.component.spec.ts:27:40)
    at _ZoneDelegate.invoke (node_modules/zone.js/fesm2015/zone.js:372:1)
    at ProxyZoneSpec.onInvoke (node_modules/zone.js/fesm2015/zone-testing.js:287:1)
    at _ZoneDelegate.invoke (node_modules/zone.js/fesm2015/zone.js:371:1)
    at Zone.run (node_modules/zone.js/fesm2015/zone.js:134:1)
    at runInTestZone (node_modules/zone.js/fesm2015/zone-testing.js:567:1)
    at UserContext.&lt;anonymous&gt; (node_modules/zone.js/fesm2015/zone-testing.js:582:1)
    at &lt;Jasmine&gt;
</failure>
    </testCase>
    <testCase name="BookDetailComponent should have an img element with src= bookDetail.image" duration="10">
      <failure message="Error">TypeError: Cannot read properties of undefined (reading 'name')
    at BookDetailComponent_Template (ng:///BookDetailComponent.js:62:48)
    at executeTemplate (node_modules/@angular/core/fesm2015/core.mjs:9618:1)
    at refreshView (node_modules/@angular/core/fesm2015/core.mjs:9484:1)
    at refreshComponent (node_modules/@angular/core/fesm2015/core.mjs:10655:1)
    at refreshChildComponents (node_modules/@angular/core/fesm2015/core.mjs:9280:1)
    at refreshView (node_modules/@angular/core/fesm2015/core.mjs:9534:1)
    at renderComponentOrTemplate (node_modules/@angular/core/fesm2015/core.mjs:9598:1)
    at tickRootContext (node_modules/@angular/core/fesm2015/core.mjs:10829:1)
    at detectChangesInRootView (node_modules/@angular/core/fesm2015/core.mjs:10854:1)
    at RootViewRef.detectChanges (node_modules/@angular/core/fesm2015/core.mjs:21451:1)

TypeError: Cannot read properties of undefined (reading 'query')
    at UserContext.&lt;anonymous&gt; (src/app/book/book-detail/book-detail.component.spec.ts:32:18)
    at _ZoneDelegate.invoke (node_modules/zone.js/fesm2015/zone.js:372:1)
    at ProxyZoneSpec.onInvoke (node_modules/zone.js/fesm2015/zone-testing.js:287:1)
    at _ZoneDelegate.invoke (node_modules/zone.js/fesm2015/zone.js:371:1)
    at Zone.run (node_modules/zone.js/fesm2015/zone.js:134:1)
    at runInTestZone (node_modules/zone.js/fesm2015/zone-testing.js:567:1)
    at UserContext.&lt;anonymous&gt; (node_modules/zone.js/fesm2015/zone-testing.js:582:1)
    at &lt;Jasmine&gt;
</failure>
    </testCase>
    <testCase name="BookDetailComponent should have an img element with alt= bookDetail.name" duration="12">
      <failure message="Error">TypeError: Cannot read properties of undefined (reading 'name')
    at BookDetailComponent_Template (ng:///BookDetailComponent.js:62:48)
    at executeTemplate (node_modules/@angular/core/fesm2015/core.mjs:9618:1)
    at refreshView (node_modules/@angular/core/fesm2015/core.mjs:9484:1)
    at refreshComponent (node_modules/@angular/core/fesm2015/core.mjs:10655:1)
    at refreshChildComponents (node_modules/@angular/core/fesm2015/core.mjs:9280:1)
    at refreshView (node_modules/@angular/core/fesm2015/core.mjs:9534:1)
    at renderComponentOrTemplate (node_modules/@angular/core/fesm2015/core.mjs:9598:1)
    at tickRootContext (node_modules/@angular/core/fesm2015/core.mjs:10829:1)
    at detectChangesInRootView (node_modules/@angular/core/fesm2015/core.mjs:10854:1)
    at RootViewRef.detectChanges (node_modules/@angular/core/fesm2015/core.mjs:21451:1)

TypeError: Cannot read properties of undefined (reading 'query')
    at UserContext.&lt;anonymous&gt; (src/app/book/book-detail/book-detail.component.spec.ts:38:18)
    at _ZoneDelegate.invoke (node_modules/zone.js/fesm2015/zone.js:372:1)
    at ProxyZoneSpec.onInvoke (node_modules/zone.js/fesm2015/zone-testing.js:287:1)
    at _ZoneDelegate.invoke (node_modules/zone.js/fesm2015/zone.js:371:1)
    at Zone.run (node_modules/zone.js/fesm2015/zone.js:134:1)
    at runInTestZone (node_modules/zone.js/fesm2015/zone-testing.js:567:1)
    at UserContext.&lt;anonymous&gt; (node_modules/zone.js/fesm2015/zone-testing.js:582:1)
    at &lt;Jasmine&gt;
</failure>
    </testCase>
    <testCase name="BookDetailComponent should have 3 &lt;dd> elements" duration="10">
      <failure message="Error">TypeError: Cannot read properties of undefined (reading 'name')
    at BookDetailComponent_Template (ng:///BookDetailComponent.js:62:48)
    at executeTemplate (node_modules/@angular/core/fesm2015/core.mjs:9618:1)
    at refreshView (node_modules/@angular/core/fesm2015/core.mjs:9484:1)
    at refreshComponent (node_modules/@angular/core/fesm2015/core.mjs:10655:1)
    at refreshChildComponents (node_modules/@angular/core/fesm2015/core.mjs:9280:1)
    at refreshView (node_modules/@angular/core/fesm2015/core.mjs:9534:1)
    at renderComponentOrTemplate (node_modules/@angular/core/fesm2015/core.mjs:9598:1)
    at tickRootContext (node_modules/@angular/core/fesm2015/core.mjs:10829:1)
    at detectChangesInRootView (node_modules/@angular/core/fesm2015/core.mjs:10854:1)
    at RootViewRef.detectChanges (node_modules/@angular/core/fesm2015/core.mjs:21451:1)

TypeError: Cannot read properties of undefined (reading 'queryAll')
    at UserContext.&lt;anonymous&gt; (src/app/book/book-detail/book-detail.component.spec.ts:44:18)
    at _ZoneDelegate.invoke (node_modules/zone.js/fesm2015/zone.js:372:1)
    at ProxyZoneSpec.onInvoke (node_modules/zone.js/fesm2015/zone-testing.js:287:1)
    at _ZoneDelegate.invoke (node_modules/zone.js/fesm2015/zone.js:371:1)
    at Zone.run (node_modules/zone.js/fesm2015/zone.js:134:1)
    at runInTestZone (node_modules/zone.js/fesm2015/zone-testing.js:567:1)
    at UserContext.&lt;anonymous&gt; (node_modules/zone.js/fesm2015/zone-testing.js:582:1)
    at &lt;Jasmine&gt;
</failure>
    </testCase>
  </file>
</testExecutions>